#
# There is insufficient memory for the Java Runtime Environment to continue.
# Native memory allocation (mmap) failed to map 132120576 bytes for G1 virtual space
# Possible reasons:
#   The system is out of physical RAM or swap space
#   The process is running with CompressedOops enabled, and the Java Heap may be blocking the growth of the native heap
# Possible solutions:
#   Reduce memory load on the system
#   Increase physical memory or swap space
#   Check if swap backing store is full
#   Decrease Java heap size (-Xmx/-Xms)
#   Decrease number of Java threads
#   Decrease Java thread stack sizes (-Xss)
#   Set larger code cache with -XX:ReservedCodeCacheSize=
#   JVM is running with Unscaled Compressed Oops mode in which the Java heap is
#     placed in the first 4GB address space. The Java Heap base address is the
#     maximum limit for the native heap growth. Please use -XX:HeapBaseMinAddress
#     to set the Java Heap base and to place the Java Heap above 4GB virtual address.
# This output file may be truncated or incomplete.
#
#  Out of Memory Error (os_windows.cpp:3548), pid=11796, tid=14752
#
# JRE version:  (17.0.5+8) (build )
# Java VM: OpenJDK 64-Bit Server VM (17.0.5+8, mixed mode, sharing, tiered, compressed oops, compressed class ptrs, g1 gc, windows-amd64)
# No core dump will be written. Minidumps are not enabled by default on client versions of Windows
#

---------------  S U M M A R Y ------------

Command Line: -Dfile.encoding=UTF-8 --module-path=C:\Users\Josman\eclipse-workspace\SistemasInformaticos\bin;D:\9.Java\javafx-sdk-19\lib\javafx-swt.jar;D:\9.Java\javafx-sdk-19\lib\javafx.base.jar;D:\9.Java\javafx-sdk-19\lib\javafx.controls.jar;D:\9.Java\javafx-sdk-19\lib\javafx.fxml.jar;D:\9.Java\javafx-sdk-19\lib\javafx.graphics.jar;D:\9.Java\javafx-sdk-19\lib\javafx.media.jar;D:\9.Java\javafx-sdk-19\lib\javafx.swing.jar;D:\9.Java\javafx-sdk-19\lib\javafx.web.jar;C:\Users\Josman\.p2\pool\plugins\org.eclipse.fx.ide.css.jfx8_3.8.0.202204150904.jar;C:\Users\Josman\eclipse-workspace\SistemasInformaticos\libreria\postgresql-42.5.0.jar -XX:+ShowCodeDetailsInExceptionMessages -Djdk.module.main=JavaFxPracticaDB JavaFxPracticaDB/application.Main

Host: Intel(R) Core(TM) i5-10300H CPU @ 2.50GHz, 8 cores, 7G,  Windows 11 , 64 bit Build 22621 (10.0.22621.1194)
Time: Thu Feb  9 07:59:34 2023 Hora estándar central (México) elapsed time: 0.012032 seconds (0d 0h 0m 0s)

---------------  T H R E A D  ---------------

Current thread (0x000001b8918ee880):  JavaThread "Unknown thread" [_thread_in_vm, id=14752, stack(0x00000040f3f00000,0x00000040f4000000)]

Stack: [0x00000040f3f00000,0x00000040f4000000]
Native frames: (J=compiled Java code, j=interpreted, Vv=VM code, C=native code)
V  [jvm.dll+0x676b3a]
V  [jvm.dll+0x831444]
V  [jvm.dll+0x832bee]
V  [jvm.dll+0x833253]
V  [jvm.dll+0x244ce5]
V  [jvm.dll+0x673a49]
V  [jvm.dll+0x66811a]
V  [jvm.dll+0x303ceb]
V  [jvm.dll+0x30b1e6]
V  [jvm.dll+0x35adbe]
V  [jvm.dll+0x35afef]
V  [jvm.dll+0x2dab88]
V  [jvm.dll+0x2dbaf4]
V  [jvm.dll+0x803121]
V  [jvm.dll+0x368bb1]
V  [jvm.dll+0x7e265c]
V  [jvm.dll+0x3eb17f]
V  [jvm.dll+0x3eccc1]
C  [jli.dll+0x5267]
C  [ucrtbase.dll+0x29363]
C  [KERNEL32.DLL+0x126bd]
C  [ntdll.dll+0x5dfb8]


---------------  P R O C E S S  ---------------

Threads class SMR info:
_java_thread_list=0x00007fff2a722f18, length=0, elements={
}

Java Threads: ( => current thread )

Other Threads:
  0x000001b891b5a5b0 GCTaskThread "GC Thread#0" [stack: 0x00000040f4000000,0x00000040f4100000] [id=6428]
  0x000001b891b6b8f0 ConcurrentGCThread "G1 Main Marker" [stack: 0x00000040f4100000,0x00000040f4200000] [id=20736]
  0x000001b891b6d1b0 ConcurrentGCThread "G1 Conc#0" [stack: 0x00000040f4200000,0x00000040f4300000] [id=28912]

[error occurred during error reporting (printing all threads), id 0xc0000005, EXCEPTION_ACCESS_VIOLATION (0xc0000005) at pc=0x00007fff29efb617]

VM state: not at safepoint (not fully initialized)

VM Mutex/Monitor currently owned by a thread:  ([mutex/lock_event])
[0x000001b8918ebf10] Heap_lock - owner thread: 0x000001b8918ee880

Heap address: 0x0000000082800000, size: 2008 MB, Compressed Oops mode: 32-bit

CDS archive(s) mapped at: [0x0000000000000000-0x0000000000000000-0x0000000000000000), size 0, SharedBaseAddress: 0x0000000800000000, ArchiveRelocationMode: 0.
Narrow klass base: 0x0000000000000000, Narrow klass shift: 0, Narrow klass range: 0x0

GC Precious Log:
<Empty>

Heap:
 garbage-first heap   total 0K, used 0K [0x0000000082800000, 0x0000000100000000)
  region size 1024K, 0 young (0K), 0 survivors (0K)

[error occurred during error reporting (printing heap information), id 0xc0000005, EXCEPTION_ACCESS_VIOLATION (0xc0000005) at pc=0x00007fff2a2dfcb9]

GC Heap History (0 events):
No events

Dll operation events (1 events):
Event: 0.007 Loaded shared library C:\Users\Josman\.p2\pool\plugins\org.eclipse.justj.openjdk.hotspot.jre.full.win32.x86_64_17.0.5.v20221102-0933\jre\bin\java.dll

Deoptimization events (0 events):
No events

Classes unloaded (0 events):
No events

Classes redefined (0 events):
No events

Internal exceptions (0 events):
No events

VM Operations (0 events):
No events

Events (0 events):
No events


Dynamic libraries:
0x00007ff7f3ea0000 - 0x00007ff7f3eae000 	C:\Users\Josman\.p2\pool\plugins\org.eclipse.justj.openjdk.hotspot.jre.full.win32.x86_64_17.0.5.v20221102-0933\jre\bin\javaw.exe
0x00007fffd40d0000 - 0x00007fffd42e4000 	C:\WINDOWS\SYSTEM32\ntdll.dll
0x00007fffd3300000 - 0x00007fffd33c3000 	C:\WINDOWS\System32\KERNEL32.DLL
0x00007fffd17c0000 - 0x00007fffd1b5c000 	C:\WINDOWS\System32\KERNELBASE.dll
0x00007fffd1630000 - 0x00007fffd1741000 	C:\WINDOWS\System32\ucrtbase.dll
0x00007fffc0940000 - 0x00007fffc0957000 	C:\Users\Josman\.p2\pool\plugins\org.eclipse.justj.openjdk.hotspot.jre.full.win32.x86_64_17.0.5.v20221102-0933\jre\bin\jli.dll
0x00007fffbf840000 - 0x00007fffbf859000 	C:\Users\Josman\.p2\pool\plugins\org.eclipse.justj.openjdk.hotspot.jre.full.win32.x86_64_17.0.5.v20221102-0933\jre\bin\VCRUNTIME140.dll
0x00007fffd1ee0000 - 0x00007fffd208d000 	C:\WINDOWS\System32\USER32.dll
0x00007fffd1b60000 - 0x00007fffd1b86000 	C:\WINDOWS\System32\win32u.dll
0x00007fffc2e80000 - 0x00007fffc310e000 	C:\WINDOWS\WinSxS\amd64_microsoft.windows.common-controls_6595b64144ccf1df_6.0.22621.608_none_a9444ca7c10bb01d\COMCTL32.dll
0x00007fffd3cc0000 - 0x00007fffd3d67000 	C:\WINDOWS\System32\msvcrt.dll
0x00007fffd3570000 - 0x00007fffd3599000 	C:\WINDOWS\System32\GDI32.dll
0x00007fffd1b90000 - 0x00007fffd1ca2000 	C:\WINDOWS\System32\gdi32full.dll
0x00007fffd1510000 - 0x00007fffd15aa000 	C:\WINDOWS\System32\msvcp_win.dll
0x00007fffd3ea0000 - 0x00007fffd3ed2000 	C:\WINDOWS\System32\IMM32.DLL
0x00007fffcb230000 - 0x00007fffcb23c000 	C:\Users\Josman\.p2\pool\plugins\org.eclipse.justj.openjdk.hotspot.jre.full.win32.x86_64_17.0.5.v20221102-0933\jre\bin\vcruntime140_1.dll
0x00007fffa7350000 - 0x00007fffa73e1000 	C:\Users\Josman\.p2\pool\plugins\org.eclipse.justj.openjdk.hotspot.jre.full.win32.x86_64_17.0.5.v20221102-0933\jre\bin\msvcp140.dll
0x00007fff29c10000 - 0x00007fff2a854000 	C:\Users\Josman\.p2\pool\plugins\org.eclipse.justj.openjdk.hotspot.jre.full.win32.x86_64_17.0.5.v20221102-0933\jre\bin\server\jvm.dll
0x00007fffd28e0000 - 0x00007fffd298e000 	C:\WINDOWS\System32\ADVAPI32.dll
0x00007fffd3fe0000 - 0x00007fffd4084000 	C:\WINDOWS\System32\sechost.dll
0x00007fffd21d0000 - 0x00007fffd22e5000 	C:\WINDOWS\System32\RPCRT4.dll
0x00007fffcb100000 - 0x00007fffcb134000 	C:\WINDOWS\SYSTEM32\WINMM.dll
0x00007fffc4c60000 - 0x00007fffc4c69000 	C:\WINDOWS\SYSTEM32\WSOCK32.dll
0x00007fffcaa70000 - 0x00007fffcaa7a000 	C:\WINDOWS\SYSTEM32\VERSION.dll
0x00007fffd3b90000 - 0x00007fffd3c01000 	C:\WINDOWS\System32\WS2_32.dll
0x00007fffd0610000 - 0x00007fffd0628000 	C:\WINDOWS\SYSTEM32\kernel.appcore.dll
0x00007fffcbd90000 - 0x00007fffcbd9a000 	C:\Users\Josman\.p2\pool\plugins\org.eclipse.justj.openjdk.hotspot.jre.full.win32.x86_64_17.0.5.v20221102-0933\jre\bin\jimage.dll
0x00007fffceed0000 - 0x00007fffcf0fe000 	C:\WINDOWS\SYSTEM32\DBGHELP.DLL
0x00007fffd2550000 - 0x00007fffd28da000 	C:\WINDOWS\System32\combase.dll
0x00007fffd35a0000 - 0x00007fffd3677000 	C:\WINDOWS\System32\OLEAUT32.dll
0x00007fffb5270000 - 0x00007fffb52a2000 	C:\WINDOWS\SYSTEM32\dbgcore.DLL
0x00007fffd15b0000 - 0x00007fffd162b000 	C:\WINDOWS\System32\bcryptPrimitives.dll
0x00007fff7a290000 - 0x00007fff7a2b5000 	C:\Users\Josman\.p2\pool\plugins\org.eclipse.justj.openjdk.hotspot.jre.full.win32.x86_64_17.0.5.v20221102-0933\jre\bin\java.dll

dbghelp: loaded successfully - version: 4.0.5 - missing functions: none
symbol engine: initialized successfully - sym options: 0x614 - pdb path: .;C:\Users\Josman\.p2\pool\plugins\org.eclipse.justj.openjdk.hotspot.jre.full.win32.x86_64_17.0.5.v20221102-0933\jre\bin;C:\WINDOWS\SYSTEM32;C:\WINDOWS\WinSxS\amd64_microsoft.windows.common-controls_6595b64144ccf1df_6.0.22621.608_none_a9444ca7c10bb01d;C:\Users\Josman\.p2\pool\plugins\org.eclipse.justj.openjdk.hotspot.jre.full.win32.x86_64_17.0.5.v20221102-0933\jre\bin\server

VM Arguments:
jvm_args: -Dfile.encoding=UTF-8 --module-path=C:\Users\Josman\eclipse-workspace\SistemasInformaticos\bin;D:\9.Java\javafx-sdk-19\lib\javafx-swt.jar;D:\9.Java\javafx-sdk-19\lib\javafx.base.jar;D:\9.Java\javafx-sdk-19\lib\javafx.controls.jar;D:\9.Java\javafx-sdk-19\lib\javafx.fxml.jar;D:\9.Java\javafx-sdk-19\lib\javafx.graphics.jar;D:\9.Java\javafx-sdk-19\lib\javafx.media.jar;D:\9.Java\javafx-sdk-19\lib\javafx.swing.jar;D:\9.Java\javafx-sdk-19\lib\javafx.web.jar;C:\Users\Josman\.p2\pool\plugins\org.eclipse.fx.ide.css.jfx8_3.8.0.202204150904.jar;C:\Users\Josman\eclipse-workspace\SistemasInformaticos\libreria\postgresql-42.5.0.jar -XX:+ShowCodeDetailsInExceptionMessages -Djdk.module.main=JavaFxPracticaDB 
java_command: JavaFxPracticaDB/application.Main
java_class_path (initial): <not set>
Launcher Type: SUN_STANDARD

[Global flags]
     intx CICompilerCount                          = 4                                         {product} {ergonomic}
     uint ConcGCThreads                            = 2                                         {product} {ergonomic}
     uint G1ConcRefinementThreads                  = 8                                         {product} {ergonomic}
   size_t G1HeapRegionSize                         = 1048576                                   {product} {ergonomic}
    uintx GCDrainStackTargetSize                   = 64                                        {product} {ergonomic}
   size_t InitialHeapSize                          = 132120576                                 {product} {ergonomic}
   size_t MarkStackSize                            = 4194304                                   {product} {ergonomic}
   size_t MaxHeapSize                              = 2105540608                                {product} {ergonomic}
   size_t MinHeapDeltaBytes                        = 1048576                                   {product} {ergonomic}
   size_t MinHeapSize                              = 8388608                                   {product} {ergonomic}
    uintx NonNMethodCodeHeapSize                   = 5839372                                {pd product} {ergonomic}
    uintx NonProfiledCodeHeapSize                  = 122909434                              {pd product} {ergonomic}
    uintx ProfiledCodeHeapSize                     = 122909434                              {pd product} {ergonomic}
    uintx ReservedCodeCacheSize                    = 251658240                              {pd product} {ergonomic}
     bool SegmentedCodeCache                       = true                                      {product} {ergonomic}
     bool ShowCodeDetailsInExceptionMessages       = true                                   {manageable} {command line}
   size_t SoftMaxHeapSize                          = 2105540608                             {manageable} {ergonomic}
     bool UseCompressedClassPointers               = true                           {product lp64_product} {ergonomic}
     bool UseCompressedOops                        = true                           {product lp64_product} {ergonomic}
     bool UseG1GC                                  = true                                      {product} {ergonomic}
     bool UseLargePagesIndividualAllocation        = false                                  {pd product} {ergonomic}

Logging:
Log output configuration:
 #0: stdout all=warning uptime,level,tags
 #1: stderr all=off uptime,level,tags

Environment Variables:
PATH=C:/Users/Josman/.p2/pool/plugins/org.eclipse.justj.openjdk.hotspot.jre.full.win32.x86_64_17.0.5.v20221102-0933/jre/bin/server;C:/Users/Josman/.p2/pool/plugins/org.eclipse.justj.openjdk.hotspot.jre.full.win32.x86_64_17.0.5.v20221102-0933/jre/bin;C:\Windows\system32;C:\Windows;C:\Windows\System32\Wbem;C:\Windows\System32\WindowsPowerShell\v1.0\;C:\Windows\System32\OpenSSH\;C:\Program Files (x86)\NVIDIA Corporation\PhysX\Common;C:\Program Files\NVIDIA Corporation\NVIDIA NvDLISR;C:\Users\Josman\AppData\Roaming\npm;C:\Users\Josman\AppData\Roaming\npm\node_modules\@angular\cli\bin;C:\WINDOWS\system32;C:\WINDOWS;C:\WINDOWS\System32\Wbem;C:\WINDOWS\System32\WindowsPowerShell\v1.0\;C:\WINDOWS\System32\OpenSSH\;C:\Program Files\Git\cmd;C:\Program Files\dotnet\;C:\openjdk-19.0.1_windows-x64_bin\jdk-19.0.1\bin;C:\Program Files\Microsoft SQL Server\130\Tools\Binn\;C:\Program Files\Microsoft SQL Server\Client SDK\ODBC\170\Tools\Binn\;C:\Program Files (x86)\Microsoft SQL Server\150\Tools\Binn\;C:\Program Files\Microsoft SQL Server\150\Tools\Binn\;C:\Program Files\Microsoft SQL Server\150\DTS\Binn\;C:\Program Files (x86)\Microsoft SQL Server\150\DTS\Binn\;C:\Program Files\Azure Data Studio\bin;C:\Users\Josman\AppData\Roaming\nvm;C:\Program Files\nodejs;C:\Program Files\MongoDB\Server\5.0\bin;;C:\WINDOWS\system32;C:\WINDOWS;C:\WINDOWS\System32\Wbem;C:\WINDOWS\System32\WindowsPowerShell\v1.0\;C:\WINDOWS\System32\OpenSSH\;C:\Program Files\Docker\Docker\resources\bin;C:\ProgramData\chocolatey\bin;C:\Program Files\nodejs\;C:\composer;C:\Users\Josman\AppData\Local\Microsoft\WindowsApps;C:\Users\Josman\AppData\Local\Programs\Microsoft VS Code\bin;C:\Users\Josman\.dotnet\tools;C:\Users\Josman\composer;C:\Users\Josman\AppData\Roaming\Composer\vendor\bin;C:\Program Files\Azure Data Studio\bin;C:\xampp-8\php;C:\Program Files\JetBrains\PhpStorm 2022.2.1\bin;;C:\Users\Josman\AppData\Roaming\nvm;C:\Program Files\nodejs;C:\Users\Josman\AppData\Local\GitHubDesktop\bin;C:\Users\Josman\AppData\Roa
USERNAME=Josman
OS=Windows_NT
PROCESSOR_IDENTIFIER=Intel64 Family 6 Model 165 Stepping 2, GenuineIntel
TMP=C:\Users\Josman\AppData\Local\Temp
TEMP=C:\Users\Josman\AppData\Local\Temp



---------------  S Y S T E M  ---------------

OS:
 Windows 11 , 64 bit Build 22621 (10.0.22621.1194)
OS uptime: 2 days 5:44 hours
Hyper-V role detected

CPU: total 8 (initial active 8) (4 cores per cpu, 2 threads per core) family 6 model 165 stepping 2 microcode 0xe0, cx8, cmov, fxsr, ht, mmx, 3dnowpref, sse, sse2, sse3, ssse3, sse4.1, sse4.2, popcnt, lzcnt, tsc, tscinvbit, avx, avx2, aes, erms, clmul, bmi1, bmi2, adx, fma, vzeroupper, clflush, clflushopt, hv

Memory: 4k page, system-wide physical 8028M (229M free)
TotalPageFile size 32604M (AvailPageFile size 114M)
current process WorkingSet (physical memory assigned to process): 11M, peak: 11M
current process commit charge ("private bytes"): 60M, peak: 186M

vm_info: OpenJDK 64-Bit Server VM (17.0.5+8) for windows-amd64 JRE (17.0.5+8), built on Oct 19 2022 04:48:13 by "temurin" with MS VC++ 16.7 (VS2019)

END.
